[debug] [2022-12-28T04:07:56.560Z] ----------------------------------------------------------------------
[debug] [2022-12-28T04:07:56.562Z] Command:       /usr/local/bin/node /usr/local/bin/firebase deploy
[debug] [2022-12-28T04:07:56.563Z] CLI Version:   11.19.0
[debug] [2022-12-28T04:07:56.563Z] Platform:      darwin
[debug] [2022-12-28T04:07:56.563Z] Node Version:  v16.17.0
[debug] [2022-12-28T04:07:56.564Z] Time:          Tue Dec 27 2022 23:07:56 GMT-0500 (Eastern Standard Time)
[debug] [2022-12-28T04:07:56.564Z] ----------------------------------------------------------------------
[debug] 
[debug] [2022-12-28T04:07:56.630Z] > command requires scopes: ["email","openid","https://www.googleapis.com/auth/cloudplatformprojects.readonly","https://www.googleapis.com/auth/firebase","https://www.googleapis.com/auth/cloud-platform"]
[debug] [2022-12-28T04:07:56.631Z] > authorizing via signed-in user (ottigerjake@gmail.com)
[debug] [2022-12-28T04:07:56.631Z] [iam] checking project reactive-resume-bde21 for permissions ["firebase.projects.get","firebasedatabase.instances.update","firebasehosting.sites.update"]
[debug] [2022-12-28T04:07:56.633Z] >>> [apiv2][query] POST https://cloudresourcemanager.googleapis.com/v1/projects/reactive-resume-bde21:testIamPermissions [none]
[debug] [2022-12-28T04:07:56.633Z] >>> [apiv2][(partial)header] POST https://cloudresourcemanager.googleapis.com/v1/projects/reactive-resume-bde21:testIamPermissions x-goog-quota-user=projects/reactive-resume-bde21
[debug] [2022-12-28T04:07:56.633Z] >>> [apiv2][body] POST https://cloudresourcemanager.googleapis.com/v1/projects/reactive-resume-bde21:testIamPermissions {"permissions":["firebase.projects.get","firebasedatabase.instances.update","firebasehosting.sites.update"]}
[debug] [2022-12-28T04:07:56.931Z] <<< [apiv2][status] POST https://cloudresourcemanager.googleapis.com/v1/projects/reactive-resume-bde21:testIamPermissions 200
[debug] [2022-12-28T04:07:56.931Z] <<< [apiv2][body] POST https://cloudresourcemanager.googleapis.com/v1/projects/reactive-resume-bde21:testIamPermissions {"permissions":["firebase.projects.get","firebasedatabase.instances.update","firebasehosting.sites.update"]}
[debug] [2022-12-28T04:07:56.932Z] >>> [apiv2][query] GET https://firebase.googleapis.com/v1beta1/projects/reactive-resume-bde21 [none]
[debug] [2022-12-28T04:07:57.340Z] <<< [apiv2][status] GET https://firebase.googleapis.com/v1beta1/projects/reactive-resume-bde21 200
[debug] [2022-12-28T04:07:57.340Z] <<< [apiv2][body] GET https://firebase.googleapis.com/v1beta1/projects/reactive-resume-bde21 {"projectId":"reactive-resume-bde21","projectNumber":"784369660175","displayName":"Reactive Resume","name":"projects/reactive-resume-bde21","resources":{"hostingSite":"reactive-resume-bde21","realtimeDatabaseInstance":"reactive-resume-bde21-default-rtdb"},"state":"ACTIVE","etag":"1_f131db54-16a9-4112-80df-d6aeccfc779b"}
[debug] [2022-12-28T04:07:57.340Z] >>> [apiv2][query] GET https://firebase.googleapis.com/v1beta1/projects/reactive-resume-bde21 [none]
[debug] [2022-12-28T04:07:57.688Z] <<< [apiv2][status] GET https://firebase.googleapis.com/v1beta1/projects/reactive-resume-bde21 200
[debug] [2022-12-28T04:07:57.688Z] <<< [apiv2][body] GET https://firebase.googleapis.com/v1beta1/projects/reactive-resume-bde21 {"projectId":"reactive-resume-bde21","projectNumber":"784369660175","displayName":"Reactive Resume","name":"projects/reactive-resume-bde21","resources":{"hostingSite":"reactive-resume-bde21","realtimeDatabaseInstance":"reactive-resume-bde21-default-rtdb"},"state":"ACTIVE","etag":"1_f131db54-16a9-4112-80df-d6aeccfc779b"}
[info] 
[info] === Deploying to 'reactive-resume-bde21'...
[info] 
[info] i  deploying database, hosting 
[info] i  database: checking rules syntax... 
[debug] [2022-12-28T04:07:57.693Z] >>> [apiv2][query] GET https://firebasedatabase.googleapis.com/v1beta/projects/reactive-resume-bde21/locations/-/instances/reactive-resume-bde21-default-rtdb [none]
[debug] [2022-12-28T04:07:58.128Z] <<< [apiv2][status] GET https://firebasedatabase.googleapis.com/v1beta/projects/reactive-resume-bde21/locations/-/instances/reactive-resume-bde21-default-rtdb 200
[debug] [2022-12-28T04:07:58.129Z] <<< [apiv2][body] GET https://firebasedatabase.googleapis.com/v1beta/projects/reactive-resume-bde21/locations/-/instances/reactive-resume-bde21-default-rtdb {"name":"projects/784369660175/locations/us-central1/instances/reactive-resume-bde21-default-rtdb","project":"projects/784369660175","databaseUrl":"https://reactive-resume-bde21-default-rtdb.firebaseio.com","type":"DEFAULT_DATABASE","state":"ACTIVE"}
[debug] [2022-12-28T04:07:58.130Z] >>> [apiv2][query] PUT https://reactive-resume-bde21-default-rtdb.firebaseio.com/.settings/rules.json dryRun=true
[debug] [2022-12-28T04:07:58.130Z] >>> [apiv2][body] PUT https://reactive-resume-bde21-default-rtdb.firebaseio.com/.settings/rules.json "{ \n  \"rules\": {\n    \"users\": {\n      \".read\": \"false\",\n      \".write\": \"false\",\n        \"$uid\": {\n          \".read\": \"$uid === auth.uid\",\n            \".write\": \"$uid === auth.uid\"\n        }\n    }\n  }\n}"
[debug] [2022-12-28T04:07:58.365Z] <<< [apiv2][status] PUT https://reactive-resume-bde21-default-rtdb.firebaseio.com/.settings/rules.json 200
[debug] [2022-12-28T04:07:58.365Z] <<< [apiv2][body] PUT https://reactive-resume-bde21-default-rtdb.firebaseio.com/.settings/rules.json {"status":"ok"}
[info] ✔  database: rules syntax for database reactive-resume-bde21-default-rtdb is valid 
[debug] [2022-12-28T04:07:58.368Z] >>> [apiv2][query] POST https://firebasehosting.googleapis.com/v1beta1/projects/-/sites/reactive-resume-bde21/versions [none]
[debug] [2022-12-28T04:07:58.368Z] >>> [apiv2][body] POST https://firebasehosting.googleapis.com/v1beta1/projects/-/sites/reactive-resume-bde21/versions {"status":"CREATED","labels":{"deployment-tool":"cli-firebase"}}
[debug] [2022-12-28T04:07:59.064Z] <<< [apiv2][status] POST https://firebasehosting.googleapis.com/v1beta1/projects/-/sites/reactive-resume-bde21/versions 200
[debug] [2022-12-28T04:07:59.065Z] <<< [apiv2][body] POST https://firebasehosting.googleapis.com/v1beta1/projects/-/sites/reactive-resume-bde21/versions {"name":"projects/784369660175/sites/reactive-resume-bde21/versions/6733c8efbdfdf06f","status":"CREATED","config":{},"labels":{"deployment-tool":"cli-firebase"}}
[info] i  hosting[reactive-resume-bde21]: beginning deploy... 
[info] i  hosting[reactive-resume-bde21]: found 19 files in build 
[debug] [2022-12-28T04:07:59.075Z] [hosting] uploading with 200 concurrency
[debug] [2022-12-28T04:07:59.083Z] [hosting] hash cache [YnVpbGQ] stored for 19 files
[debug] [2022-12-28T04:07:59.083Z] [hosting][hash queue][FINAL] {"max":4,"min":0,"avg":0.3684210526315789,"active":0,"complete":19,"success":19,"errored":0,"retried":0,"total":19,"elapsed":5}
[debug] [2022-12-28T04:07:59.084Z] >>> [apiv2][query] POST https://firebasehosting.googleapis.com/v1beta1/projects/784369660175/sites/reactive-resume-bde21/versions/6733c8efbdfdf06f:populateFiles [none]
[debug] [2022-12-28T04:07:59.084Z] >>> [apiv2][body] POST https://firebasehosting.googleapis.com/v1beta1/projects/784369660175/sites/reactive-resume-bde21/versions/6733c8efbdfdf06f:populateFiles {"files":{"/404.html":"05cbc6f94d7a69ce2e29646eab13be2c884e61ba93e3094df5028866876d18b3","/asset-manifest.json":"00f3f866c4ea030bdb283ca23f83fa8b86e8d1e50bbcac0d3116dae7ae031faa","/favicon.ico":"b72f7455f00e4e58792d2bca892abb068e2213838c0316d6b7a0d6d16acd1955","/logo192.png":"caff018b7f1e8fd481eb1c50d75b0ef236bcd5078b1d15c8bb348453fee30293","/logo512.png":"191fc21360b4ccfb1cda11a1efb97f489ed22672ca83f4064316802bbfdd750e","/robots.txt":"391d14b3c2f8c9143a27a28c7399585142228d4d1bdbe2c87ac946de411fa9a2","/static/css/main.850af028.css":"c4229140562106c82aa7d0619a4f9f52d760b7f62984d4f27e188eb2b8f90f3f","/static/css/main.850af028.css.map":"fc0d501b3edf434bcdf4222b6839a7ccd552e72c52e69000de0a88e85ca165bb","/static/js/787.37ee8997.chunk.js":"68cf7a0cd4dc14c7ba7820b3a028f7fce56c8b535de357bc3278562fd781f13f","/static/js/787.37ee8997.chunk.js.map":"1344ef7c47e5af41060210aab366c90b7d44288c2530f6165a7ecd4f4942d13a","/static/js/main.c41ca6ad.js":"98647ecd91ac9365cdba91c68d2c203326c63b78588bf2681c469d8657d69e90","/static/js/main.c41ca6ad.js.LICENSE.txt":"3284efe91facbcf9505b9e33fef83fc534616f4ce0c3a3ae2727ecdb71d16bb3","/static/js/main.c41ca6ad.js.map":"b5c117402e015c654be8e1e408b6e80ef3c214dfc3c3dbdd4d4f251689eebbbf","/static/media/business-resume.c68058bc82d577128fa2.png":"0067758c7d23e31b315f6c17aaa86d7c801a555dbb0a376671833506f98ea26a","/static/media/business-resume2.e3c681773fed68e718bf.png":"7900e2fea9c9e2177e06b68aea2f4a1c12ec63a2de0a8d8f1b54b250a34556a3","/static/media/communication-resume.88ca58fecc1f74ac06b8.png":"c84416c86d026b3e4a644a1bf9b5522d4c22607794721dee3bbf2e40e36bdf24","/static/media/stem-resume.41a163e96fbbba4691dd.png":"da80fdc54758672bdb7ac185455bd52c839f3eff122bf47d35c55f121ba2bb67","/manifest.json":"a65c7701ee870f14bb9f6ee8b0ea365e7d8a7539633d5ac77ffee757d5b10ce4","/index.html":"88331a69d8d5829445127dd95311d81bf22d5799251e8d6e3c041f56ed26dedf"}}
